The system is: Linux - 3.5.0-40-generic - i686
Compiling the C compiler identification source file "CMakeCCompilerId.c" succeeded.
Compiler: /usr/bin/gcc 
Build flags: 
Id flags: 

The output was:
0


Compilation of the C compiler identification source "CMakeCCompilerId.c" produced "a.out"

The C compiler identification is GNU, found in "/home/zekin/projects/C009-TaleOfRedengard/CMakeFiles/CompilerIdC/a.out"

Compiling the CXX compiler identification source file "CMakeCXXCompilerId.cpp" succeeded.
Compiler: /usr/bin/c++ 
Build flags: 
Id flags: 

The output was:
0


Compilation of the CXX compiler identification source "CMakeCXXCompilerId.cpp" produced "a.out"

The CXX compiler identification is GNU, found in "/home/zekin/projects/C009-TaleOfRedengard/CMakeFiles/CompilerIdCXX/a.out"

Determining if the C compiler works passed with the following output:
Change Dir: /home/zekin/projects/C009-TaleOfRedengard/CMakeFiles/CMakeTmp

Run Build Command:/usr/bin/make "cmTryCompileExec4186529824/fast"
/usr/bin/make -f CMakeFiles/cmTryCompileExec4186529824.dir/build.make CMakeFiles/cmTryCompileExec4186529824.dir/build
make[1]: Entering directory `/home/zekin/projects/C009-TaleOfRedengard/CMakeFiles/CMakeTmp'
/usr/bin/cmake -E cmake_progress_report /home/zekin/projects/C009-TaleOfRedengard/CMakeFiles/CMakeTmp/CMakeFiles 1
Building C object CMakeFiles/cmTryCompileExec4186529824.dir/testCCompiler.c.o
/usr/bin/gcc    -o CMakeFiles/cmTryCompileExec4186529824.dir/testCCompiler.c.o   -c /home/zekin/projects/C009-TaleOfRedengard/CMakeFiles/CMakeTmp/testCCompiler.c
Linking C executable cmTryCompileExec4186529824
/usr/bin/cmake -E cmake_link_script CMakeFiles/cmTryCompileExec4186529824.dir/link.txt --verbose=1
/usr/bin/gcc         CMakeFiles/cmTryCompileExec4186529824.dir/testCCompiler.c.o  -o cmTryCompileExec4186529824 -rdynamic 
make[1]: Leaving directory `/home/zekin/projects/C009-TaleOfRedengard/CMakeFiles/CMakeTmp'


Detecting C compiler ABI info compiled with the following output:
Change Dir: /home/zekin/projects/C009-TaleOfRedengard/CMakeFiles/CMakeTmp

Run Build Command:/usr/bin/make "cmTryCompileExec788441503/fast"
/usr/bin/make -f CMakeFiles/cmTryCompileExec788441503.dir/build.make CMakeFiles/cmTryCompileExec788441503.dir/build
make[1]: Entering directory `/home/zekin/projects/C009-TaleOfRedengard/CMakeFiles/CMakeTmp'
/usr/bin/cmake -E cmake_progress_report /home/zekin/projects/C009-TaleOfRedengard/CMakeFiles/CMakeTmp/CMakeFiles 1
Building C object CMakeFiles/cmTryCompileExec788441503.dir/CMakeCCompilerABI.c.o
/usr/bin/gcc    -o CMakeFiles/cmTryCompileExec788441503.dir/CMakeCCompilerABI.c.o   -c /usr/share/cmake-2.8/Modules/CMakeCCompilerABI.c
Linking C executable cmTryCompileExec788441503
/usr/bin/cmake -E cmake_link_script CMakeFiles/cmTryCompileExec788441503.dir/link.txt --verbose=1
/usr/bin/gcc       -v CMakeFiles/cmTryCompileExec788441503.dir/CMakeCCompilerABI.c.o  -o cmTryCompileExec788441503 -rdynamic  
Using built-in specs.
COLLECT_GCC=/usr/bin/gcc
COLLECT_LTO_WRAPPER=/usr/lib/gcc/i686-linux-gnu/4.7/lto-wrapper
Target: i686-linux-gnu
Configured with: ../src/configure -v --with-pkgversion='Ubuntu/Linaro 4.7.2-2ubuntu1' --with-bugurl=file:///usr/share/doc/gcc-4.7/README.Bugs --enable-languages=c,c++,go,fortran,objc,obj-c++ --prefix=/usr --program-suffix=-4.7 --enable-shared --enable-linker-build-id --with-system-zlib --libexecdir=/usr/lib --without-included-gettext --enable-threads=posix --with-gxx-include-dir=/usr/include/c++/4.7 --libdir=/usr/lib --enable-nls --with-sysroot=/ --enable-clocale=gnu --enable-libstdcxx-debug --enable-libstdcxx-time=yes --enable-gnu-unique-object --enable-plugin --enable-objc-gc --enable-targets=all --disable-werror --with-arch-32=i686 --with-tune=generic --enable-checking=release --build=i686-linux-gnu --host=i686-linux-gnu --target=i686-linux-gnu
Thread model: posix
gcc version 4.7.2 (Ubuntu/Linaro 4.7.2-2ubuntu1) 
COMPILER_PATH=/usr/lib/gcc/i686-linux-gnu/4.7/:/usr/lib/gcc/i686-linux-gnu/4.7/:/usr/lib/gcc/i686-linux-gnu/:/usr/lib/gcc/i686-linux-gnu/4.7/:/usr/lib/gcc/i686-linux-gnu/
LIBRARY_PATH=/usr/lib/gcc/i686-linux-gnu/4.7/:/usr/lib/gcc/i686-linux-gnu/4.7/../../../i386-linux-gnu/:/usr/lib/gcc/i686-linux-gnu/4.7/../../../../lib/:/lib/i386-linux-gnu/:/lib/../lib/:/usr/lib/i386-linux-gnu/:/usr/lib/../lib/:/usr/lib/gcc/i686-linux-gnu/4.7/../../../:/lib/:/usr/lib/
COLLECT_GCC_OPTIONS='-v' '-o' 'cmTryCompileExec788441503' '-rdynamic' '-mtune=generic' '-march=i686'
 /usr/lib/gcc/i686-linux-gnu/4.7/collect2 --sysroot=/ --build-id --no-add-needed --as-needed --eh-frame-hdr -m elf_i386 --hash-style=gnu -export-dynamic -dynamic-linker /lib/ld-linux.so.2 -z relro -o cmTryCompileExec788441503 /usr/lib/gcc/i686-linux-gnu/4.7/../../../i386-linux-gnu/crt1.o /usr/lib/gcc/i686-linux-gnu/4.7/../../../i386-linux-gnu/crti.o /usr/lib/gcc/i686-linux-gnu/4.7/crtbegin.o -L/usr/lib/gcc/i686-linux-gnu/4.7 -L/usr/lib/gcc/i686-linux-gnu/4.7/../../../i386-linux-gnu -L/usr/lib/gcc/i686-linux-gnu/4.7/../../../../lib -L/lib/i386-linux-gnu -L/lib/../lib -L/usr/lib/i386-linux-gnu -L/usr/lib/../lib -L/usr/lib/gcc/i686-linux-gnu/4.7/../../.. CMakeFiles/cmTryCompileExec788441503.dir/CMakeCCompilerABI.c.o -lgcc --as-needed -lgcc_s --no-as-needed -lc -lgcc --as-needed -lgcc_s --no-as-needed /usr/lib/gcc/i686-linux-gnu/4.7/crtend.o /usr/lib/gcc/i686-linux-gnu/4.7/../../../i386-linux-gnu/crtn.o
make[1]: Leaving directory `/home/zekin/projects/C009-TaleOfRedengard/CMakeFiles/CMakeTmp'


Parsed C implicit link information from above output:
  link line regex: [^( *|.*[/\])(ld|ld|collect2)[^/\]*( |$)]
  ignore line: [Change Dir: /home/zekin/projects/C009-TaleOfRedengard/CMakeFiles/CMakeTmp]
  ignore line: []
  ignore line: [Run Build Command:/usr/bin/make "cmTryCompileExec788441503/fast"]
  ignore line: [/usr/bin/make -f CMakeFiles/cmTryCompileExec788441503.dir/build.make CMakeFiles/cmTryCompileExec788441503.dir/build]
  ignore line: [make[1]: Entering directory `/home/zekin/projects/C009-TaleOfRedengard/CMakeFiles/CMakeTmp']
  ignore line: [/usr/bin/cmake -E cmake_progress_report /home/zekin/projects/C009-TaleOfRedengard/CMakeFiles/CMakeTmp/CMakeFiles 1]
  ignore line: [Building C object CMakeFiles/cmTryCompileExec788441503.dir/CMakeCCompilerABI.c.o]
  ignore line: [/usr/bin/gcc    -o CMakeFiles/cmTryCompileExec788441503.dir/CMakeCCompilerABI.c.o   -c /usr/share/cmake-2.8/Modules/CMakeCCompilerABI.c]
  ignore line: [Linking C executable cmTryCompileExec788441503]
  ignore line: [/usr/bin/cmake -E cmake_link_script CMakeFiles/cmTryCompileExec788441503.dir/link.txt --verbose=1]
  ignore line: [/usr/bin/gcc       -v CMakeFiles/cmTryCompileExec788441503.dir/CMakeCCompilerABI.c.o  -o cmTryCompileExec788441503 -rdynamic  ]
  ignore line: [Using built-in specs.]
  ignore line: [COLLECT_GCC=/usr/bin/gcc]
  ignore line: [COLLECT_LTO_WRAPPER=/usr/lib/gcc/i686-linux-gnu/4.7/lto-wrapper]
  ignore line: [Target: i686-linux-gnu]
  ignore line: [Configured with: ../src/configure -v --with-pkgversion='Ubuntu/Linaro 4.7.2-2ubuntu1' --with-bugurl=file:///usr/share/doc/gcc-4.7/README.Bugs --enable-languages=c,c++,go,fortran,objc,obj-c++ --prefix=/usr --program-suffix=-4.7 --enable-shared --enable-linker-build-id --with-system-zlib --libexecdir=/usr/lib --without-included-gettext --enable-threads=posix --with-gxx-include-dir=/usr/include/c++/4.7 --libdir=/usr/lib --enable-nls --with-sysroot=/ --enable-clocale=gnu --enable-libstdcxx-debug --enable-libstdcxx-time=yes --enable-gnu-unique-object --enable-plugin --enable-objc-gc --enable-targets=all --disable-werror --with-arch-32=i686 --with-tune=generic --enable-checking=release --build=i686-linux-gnu --host=i686-linux-gnu --target=i686-linux-gnu]
  ignore line: [Thread model: posix]
  ignore line: [gcc version 4.7.2 (Ubuntu/Linaro 4.7.2-2ubuntu1) ]
  ignore line: [COMPILER_PATH=/usr/lib/gcc/i686-linux-gnu/4.7/:/usr/lib/gcc/i686-linux-gnu/4.7/:/usr/lib/gcc/i686-linux-gnu/:/usr/lib/gcc/i686-linux-gnu/4.7/:/usr/lib/gcc/i686-linux-gnu/]
  ignore line: [LIBRARY_PATH=/usr/lib/gcc/i686-linux-gnu/4.7/:/usr/lib/gcc/i686-linux-gnu/4.7/../../../i386-linux-gnu/:/usr/lib/gcc/i686-linux-gnu/4.7/../../../../lib/:/lib/i386-linux-gnu/:/lib/../lib/:/usr/lib/i386-linux-gnu/:/usr/lib/../lib/:/usr/lib/gcc/i686-linux-gnu/4.7/../../../:/lib/:/usr/lib/]
  ignore line: [COLLECT_GCC_OPTIONS='-v' '-o' 'cmTryCompileExec788441503' '-rdynamic' '-mtune=generic' '-march=i686']
  link line: [ /usr/lib/gcc/i686-linux-gnu/4.7/collect2 --sysroot=/ --build-id --no-add-needed --as-needed --eh-frame-hdr -m elf_i386 --hash-style=gnu -export-dynamic -dynamic-linker /lib/ld-linux.so.2 -z relro -o cmTryCompileExec788441503 /usr/lib/gcc/i686-linux-gnu/4.7/../../../i386-linux-gnu/crt1.o /usr/lib/gcc/i686-linux-gnu/4.7/../../../i386-linux-gnu/crti.o /usr/lib/gcc/i686-linux-gnu/4.7/crtbegin.o -L/usr/lib/gcc/i686-linux-gnu/4.7 -L/usr/lib/gcc/i686-linux-gnu/4.7/../../../i386-linux-gnu -L/usr/lib/gcc/i686-linux-gnu/4.7/../../../../lib -L/lib/i386-linux-gnu -L/lib/../lib -L/usr/lib/i386-linux-gnu -L/usr/lib/../lib -L/usr/lib/gcc/i686-linux-gnu/4.7/../../.. CMakeFiles/cmTryCompileExec788441503.dir/CMakeCCompilerABI.c.o -lgcc --as-needed -lgcc_s --no-as-needed -lc -lgcc --as-needed -lgcc_s --no-as-needed /usr/lib/gcc/i686-linux-gnu/4.7/crtend.o /usr/lib/gcc/i686-linux-gnu/4.7/../../../i386-linux-gnu/crtn.o]
    arg [/usr/lib/gcc/i686-linux-gnu/4.7/collect2] ==> ignore
    arg [--sysroot=/] ==> ignore
    arg [--build-id] ==> ignore
    arg [--no-add-needed] ==> ignore
    arg [--as-needed] ==> ignore
    arg [--eh-frame-hdr] ==> ignore
    arg [-m] ==> ignore
    arg [elf_i386] ==> ignore
    arg [--hash-style=gnu] ==> ignore
    arg [-export-dynamic] ==> ignore
    arg [-dynamic-linker] ==> ignore
    arg [/lib/ld-linux.so.2] ==> ignore
    arg [-zrelro] ==> ignore
    arg [-o] ==> ignore
    arg [cmTryCompileExec788441503] ==> ignore
    arg [/usr/lib/gcc/i686-linux-gnu/4.7/../../../i386-linux-gnu/crt1.o] ==> ignore
    arg [/usr/lib/gcc/i686-linux-gnu/4.7/../../../i386-linux-gnu/crti.o] ==> ignore
    arg [/usr/lib/gcc/i686-linux-gnu/4.7/crtbegin.o] ==> ignore
    arg [-L/usr/lib/gcc/i686-linux-gnu/4.7] ==> dir [/usr/lib/gcc/i686-linux-gnu/4.7]
    arg [-L/usr/lib/gcc/i686-linux-gnu/4.7/../../../i386-linux-gnu] ==> dir [/usr/lib/gcc/i686-linux-gnu/4.7/../../../i386-linux-gnu]
    arg [-L/usr/lib/gcc/i686-linux-gnu/4.7/../../../../lib] ==> dir [/usr/lib/gcc/i686-linux-gnu/4.7/../../../../lib]
    arg [-L/lib/i386-linux-gnu] ==> dir [/lib/i386-linux-gnu]
    arg [-L/lib/../lib] ==> dir [/lib/../lib]
    arg [-L/usr/lib/i386-linux-gnu] ==> dir [/usr/lib/i386-linux-gnu]
    arg [-L/usr/lib/../lib] ==> dir [/usr/lib/../lib]
    arg [-L/usr/lib/gcc/i686-linux-gnu/4.7/../../..] ==> dir [/usr/lib/gcc/i686-linux-gnu/4.7/../../..]
    arg [CMakeFiles/cmTryCompileExec788441503.dir/CMakeCCompilerABI.c.o] ==> ignore
    arg [-lgcc] ==> lib [gcc]
    arg [--as-needed] ==> ignore
    arg [-lgcc_s] ==> lib [gcc_s]
    arg [--no-as-needed] ==> ignore
    arg [-lc] ==> lib [c]
    arg [-lgcc] ==> lib [gcc]
    arg [--as-needed] ==> ignore
    arg [-lgcc_s] ==> lib [gcc_s]
    arg [--no-as-needed] ==> ignore
    arg [/usr/lib/gcc/i686-linux-gnu/4.7/crtend.o] ==> ignore
    arg [/usr/lib/gcc/i686-linux-gnu/4.7/../../../i386-linux-gnu/crtn.o] ==> ignore
  remove lib [gcc]
  remove lib [gcc_s]
  remove lib [gcc]
  remove lib [gcc_s]
  collapse dir [/usr/lib/gcc/i686-linux-gnu/4.7] ==> [/usr/lib/gcc/i686-linux-gnu/4.7]
  collapse dir [/usr/lib/gcc/i686-linux-gnu/4.7/../../../i386-linux-gnu] ==> [/usr/lib/i386-linux-gnu]
  collapse dir [/usr/lib/gcc/i686-linux-gnu/4.7/../../../../lib] ==> [/usr/lib]
  collapse dir [/lib/i386-linux-gnu] ==> [/lib/i386-linux-gnu]
  collapse dir [/lib/../lib] ==> [/lib]
  collapse dir [/usr/lib/i386-linux-gnu] ==> [/usr/lib/i386-linux-gnu]
  collapse dir [/usr/lib/../lib] ==> [/usr/lib]
  collapse dir [/usr/lib/gcc/i686-linux-gnu/4.7/../../..] ==> [/usr/lib]
  implicit libs: [c]
  implicit dirs: [/usr/lib/gcc/i686-linux-gnu/4.7;/usr/lib/i386-linux-gnu;/usr/lib;/lib/i386-linux-gnu;/lib]


Determining if the CXX compiler works passed with the following output:
Change Dir: /home/zekin/projects/C009-TaleOfRedengard/CMakeFiles/CMakeTmp

Run Build Command:/usr/bin/make "cmTryCompileExec2794253324/fast"
/usr/bin/make -f CMakeFiles/cmTryCompileExec2794253324.dir/build.make CMakeFiles/cmTryCompileExec2794253324.dir/build
make[1]: Entering directory `/home/zekin/projects/C009-TaleOfRedengard/CMakeFiles/CMakeTmp'
/usr/bin/cmake -E cmake_progress_report /home/zekin/projects/C009-TaleOfRedengard/CMakeFiles/CMakeTmp/CMakeFiles 1
Building CXX object CMakeFiles/cmTryCompileExec2794253324.dir/testCXXCompiler.cxx.o
/usr/bin/c++     -o CMakeFiles/cmTryCompileExec2794253324.dir/testCXXCompiler.cxx.o -c /home/zekin/projects/C009-TaleOfRedengard/CMakeFiles/CMakeTmp/testCXXCompiler.cxx
Linking CXX executable cmTryCompileExec2794253324
/usr/bin/cmake -E cmake_link_script CMakeFiles/cmTryCompileExec2794253324.dir/link.txt --verbose=1
/usr/bin/c++          CMakeFiles/cmTryCompileExec2794253324.dir/testCXXCompiler.cxx.o  -o cmTryCompileExec2794253324 -rdynamic 
make[1]: Leaving directory `/home/zekin/projects/C009-TaleOfRedengard/CMakeFiles/CMakeTmp'


Detecting CXX compiler ABI info compiled with the following output:
Change Dir: /home/zekin/projects/C009-TaleOfRedengard/CMakeFiles/CMakeTmp

Run Build Command:/usr/bin/make "cmTryCompileExec852548785/fast"
/usr/bin/make -f CMakeFiles/cmTryCompileExec852548785.dir/build.make CMakeFiles/cmTryCompileExec852548785.dir/build
make[1]: Entering directory `/home/zekin/projects/C009-TaleOfRedengard/CMakeFiles/CMakeTmp'
/usr/bin/cmake -E cmake_progress_report /home/zekin/projects/C009-TaleOfRedengard/CMakeFiles/CMakeTmp/CMakeFiles 1
Building CXX object CMakeFiles/cmTryCompileExec852548785.dir/CMakeCXXCompilerABI.cpp.o
/usr/bin/c++     -o CMakeFiles/cmTryCompileExec852548785.dir/CMakeCXXCompilerABI.cpp.o -c /usr/share/cmake-2.8/Modules/CMakeCXXCompilerABI.cpp
Linking CXX executable cmTryCompileExec852548785
/usr/bin/cmake -E cmake_link_script CMakeFiles/cmTryCompileExec852548785.dir/link.txt --verbose=1
/usr/bin/c++        -v CMakeFiles/cmTryCompileExec852548785.dir/CMakeCXXCompilerABI.cpp.o  -o cmTryCompileExec852548785 -rdynamic  
Using built-in specs.
COLLECT_GCC=/usr/bin/c++
COLLECT_LTO_WRAPPER=/usr/lib/gcc/i686-linux-gnu/4.7/lto-wrapper
Target: i686-linux-gnu
Configured with: ../src/configure -v --with-pkgversion='Ubuntu/Linaro 4.7.2-2ubuntu1' --with-bugurl=file:///usr/share/doc/gcc-4.7/README.Bugs --enable-languages=c,c++,go,fortran,objc,obj-c++ --prefix=/usr --program-suffix=-4.7 --enable-shared --enable-linker-build-id --with-system-zlib --libexecdir=/usr/lib --without-included-gettext --enable-threads=posix --with-gxx-include-dir=/usr/include/c++/4.7 --libdir=/usr/lib --enable-nls --with-sysroot=/ --enable-clocale=gnu --enable-libstdcxx-debug --enable-libstdcxx-time=yes --enable-gnu-unique-object --enable-plugin --enable-objc-gc --enable-targets=all --disable-werror --with-arch-32=i686 --with-tune=generic --enable-checking=release --build=i686-linux-gnu --host=i686-linux-gnu --target=i686-linux-gnu
Thread model: posix
gcc version 4.7.2 (Ubuntu/Linaro 4.7.2-2ubuntu1) 
COMPILER_PATH=/usr/lib/gcc/i686-linux-gnu/4.7/:/usr/lib/gcc/i686-linux-gnu/4.7/:/usr/lib/gcc/i686-linux-gnu/:/usr/lib/gcc/i686-linux-gnu/4.7/:/usr/lib/gcc/i686-linux-gnu/
LIBRARY_PATH=/usr/lib/gcc/i686-linux-gnu/4.7/:/usr/lib/gcc/i686-linux-gnu/4.7/../../../i386-linux-gnu/:/usr/lib/gcc/i686-linux-gnu/4.7/../../../../lib/:/lib/i386-linux-gnu/:/lib/../lib/:/usr/lib/i386-linux-gnu/:/usr/lib/../lib/:/usr/lib/gcc/i686-linux-gnu/4.7/../../../:/lib/:/usr/lib/
COLLECT_GCC_OPTIONS='-v' '-o' 'cmTryCompileExec852548785' '-rdynamic' '-shared-libgcc' '-mtune=generic' '-march=i686'
 /usr/lib/gcc/i686-linux-gnu/4.7/collect2 --sysroot=/ --build-id --no-add-needed --as-needed --eh-frame-hdr -m elf_i386 --hash-style=gnu -export-dynamic -dynamic-linker /lib/ld-linux.so.2 -z relro -o cmTryCompileExec852548785 /usr/lib/gcc/i686-linux-gnu/4.7/../../../i386-linux-gnu/crt1.o /usr/lib/gcc/i686-linux-gnu/4.7/../../../i386-linux-gnu/crti.o /usr/lib/gcc/i686-linux-gnu/4.7/crtbegin.o -L/usr/lib/gcc/i686-linux-gnu/4.7 -L/usr/lib/gcc/i686-linux-gnu/4.7/../../../i386-linux-gnu -L/usr/lib/gcc/i686-linux-gnu/4.7/../../../../lib -L/lib/i386-linux-gnu -L/lib/../lib -L/usr/lib/i386-linux-gnu -L/usr/lib/../lib -L/usr/lib/gcc/i686-linux-gnu/4.7/../../.. CMakeFiles/cmTryCompileExec852548785.dir/CMakeCXXCompilerABI.cpp.o -lstdc++ -lm -lgcc_s -lgcc -lc -lgcc_s -lgcc /usr/lib/gcc/i686-linux-gnu/4.7/crtend.o /usr/lib/gcc/i686-linux-gnu/4.7/../../../i386-linux-gnu/crtn.o
make[1]: Leaving directory `/home/zekin/projects/C009-TaleOfRedengard/CMakeFiles/CMakeTmp'


Parsed CXX implicit link information from above output:
  link line regex: [^( *|.*[/\])(ld|ld|collect2)[^/\]*( |$)]
  ignore line: [Change Dir: /home/zekin/projects/C009-TaleOfRedengard/CMakeFiles/CMakeTmp]
  ignore line: []
  ignore line: [Run Build Command:/usr/bin/make "cmTryCompileExec852548785/fast"]
  ignore line: [/usr/bin/make -f CMakeFiles/cmTryCompileExec852548785.dir/build.make CMakeFiles/cmTryCompileExec852548785.dir/build]
  ignore line: [make[1]: Entering directory `/home/zekin/projects/C009-TaleOfRedengard/CMakeFiles/CMakeTmp']
  ignore line: [/usr/bin/cmake -E cmake_progress_report /home/zekin/projects/C009-TaleOfRedengard/CMakeFiles/CMakeTmp/CMakeFiles 1]
  ignore line: [Building CXX object CMakeFiles/cmTryCompileExec852548785.dir/CMakeCXXCompilerABI.cpp.o]
  ignore line: [/usr/bin/c++     -o CMakeFiles/cmTryCompileExec852548785.dir/CMakeCXXCompilerABI.cpp.o -c /usr/share/cmake-2.8/Modules/CMakeCXXCompilerABI.cpp]
  ignore line: [Linking CXX executable cmTryCompileExec852548785]
  ignore line: [/usr/bin/cmake -E cmake_link_script CMakeFiles/cmTryCompileExec852548785.dir/link.txt --verbose=1]
  ignore line: [/usr/bin/c++        -v CMakeFiles/cmTryCompileExec852548785.dir/CMakeCXXCompilerABI.cpp.o  -o cmTryCompileExec852548785 -rdynamic  ]
  ignore line: [Using built-in specs.]
  ignore line: [COLLECT_GCC=/usr/bin/c++]
  ignore line: [COLLECT_LTO_WRAPPER=/usr/lib/gcc/i686-linux-gnu/4.7/lto-wrapper]
  ignore line: [Target: i686-linux-gnu]
  ignore line: [Configured with: ../src/configure -v --with-pkgversion='Ubuntu/Linaro 4.7.2-2ubuntu1' --with-bugurl=file:///usr/share/doc/gcc-4.7/README.Bugs --enable-languages=c,c++,go,fortran,objc,obj-c++ --prefix=/usr --program-suffix=-4.7 --enable-shared --enable-linker-build-id --with-system-zlib --libexecdir=/usr/lib --without-included-gettext --enable-threads=posix --with-gxx-include-dir=/usr/include/c++/4.7 --libdir=/usr/lib --enable-nls --with-sysroot=/ --enable-clocale=gnu --enable-libstdcxx-debug --enable-libstdcxx-time=yes --enable-gnu-unique-object --enable-plugin --enable-objc-gc --enable-targets=all --disable-werror --with-arch-32=i686 --with-tune=generic --enable-checking=release --build=i686-linux-gnu --host=i686-linux-gnu --target=i686-linux-gnu]
  ignore line: [Thread model: posix]
  ignore line: [gcc version 4.7.2 (Ubuntu/Linaro 4.7.2-2ubuntu1) ]
  ignore line: [COMPILER_PATH=/usr/lib/gcc/i686-linux-gnu/4.7/:/usr/lib/gcc/i686-linux-gnu/4.7/:/usr/lib/gcc/i686-linux-gnu/:/usr/lib/gcc/i686-linux-gnu/4.7/:/usr/lib/gcc/i686-linux-gnu/]
  ignore line: [LIBRARY_PATH=/usr/lib/gcc/i686-linux-gnu/4.7/:/usr/lib/gcc/i686-linux-gnu/4.7/../../../i386-linux-gnu/:/usr/lib/gcc/i686-linux-gnu/4.7/../../../../lib/:/lib/i386-linux-gnu/:/lib/../lib/:/usr/lib/i386-linux-gnu/:/usr/lib/../lib/:/usr/lib/gcc/i686-linux-gnu/4.7/../../../:/lib/:/usr/lib/]
  ignore line: [COLLECT_GCC_OPTIONS='-v' '-o' 'cmTryCompileExec852548785' '-rdynamic' '-shared-libgcc' '-mtune=generic' '-march=i686']
  link line: [ /usr/lib/gcc/i686-linux-gnu/4.7/collect2 --sysroot=/ --build-id --no-add-needed --as-needed --eh-frame-hdr -m elf_i386 --hash-style=gnu -export-dynamic -dynamic-linker /lib/ld-linux.so.2 -z relro -o cmTryCompileExec852548785 /usr/lib/gcc/i686-linux-gnu/4.7/../../../i386-linux-gnu/crt1.o /usr/lib/gcc/i686-linux-gnu/4.7/../../../i386-linux-gnu/crti.o /usr/lib/gcc/i686-linux-gnu/4.7/crtbegin.o -L/usr/lib/gcc/i686-linux-gnu/4.7 -L/usr/lib/gcc/i686-linux-gnu/4.7/../../../i386-linux-gnu -L/usr/lib/gcc/i686-linux-gnu/4.7/../../../../lib -L/lib/i386-linux-gnu -L/lib/../lib -L/usr/lib/i386-linux-gnu -L/usr/lib/../lib -L/usr/lib/gcc/i686-linux-gnu/4.7/../../.. CMakeFiles/cmTryCompileExec852548785.dir/CMakeCXXCompilerABI.cpp.o -lstdc++ -lm -lgcc_s -lgcc -lc -lgcc_s -lgcc /usr/lib/gcc/i686-linux-gnu/4.7/crtend.o /usr/lib/gcc/i686-linux-gnu/4.7/../../../i386-linux-gnu/crtn.o]
    arg [/usr/lib/gcc/i686-linux-gnu/4.7/collect2] ==> ignore
    arg [--sysroot=/] ==> ignore
    arg [--build-id] ==> ignore
    arg [--no-add-needed] ==> ignore
    arg [--as-needed] ==> ignore
    arg [--eh-frame-hdr] ==> ignore
    arg [-m] ==> ignore
    arg [elf_i386] ==> ignore
    arg [--hash-style=gnu] ==> ignore
    arg [-export-dynamic] ==> ignore
    arg [-dynamic-linker] ==> ignore
    arg [/lib/ld-linux.so.2] ==> ignore
    arg [-zrelro] ==> ignore
    arg [-o] ==> ignore
    arg [cmTryCompileExec852548785] ==> ignore
    arg [/usr/lib/gcc/i686-linux-gnu/4.7/../../../i386-linux-gnu/crt1.o] ==> ignore
    arg [/usr/lib/gcc/i686-linux-gnu/4.7/../../../i386-linux-gnu/crti.o] ==> ignore
    arg [/usr/lib/gcc/i686-linux-gnu/4.7/crtbegin.o] ==> ignore
    arg [-L/usr/lib/gcc/i686-linux-gnu/4.7] ==> dir [/usr/lib/gcc/i686-linux-gnu/4.7]
    arg [-L/usr/lib/gcc/i686-linux-gnu/4.7/../../../i386-linux-gnu] ==> dir [/usr/lib/gcc/i686-linux-gnu/4.7/../../../i386-linux-gnu]
    arg [-L/usr/lib/gcc/i686-linux-gnu/4.7/../../../../lib] ==> dir [/usr/lib/gcc/i686-linux-gnu/4.7/../../../../lib]
    arg [-L/lib/i386-linux-gnu] ==> dir [/lib/i386-linux-gnu]
    arg [-L/lib/../lib] ==> dir [/lib/../lib]
    arg [-L/usr/lib/i386-linux-gnu] ==> dir [/usr/lib/i386-linux-gnu]
    arg [-L/usr/lib/../lib] ==> dir [/usr/lib/../lib]
    arg [-L/usr/lib/gcc/i686-linux-gnu/4.7/../../..] ==> dir [/usr/lib/gcc/i686-linux-gnu/4.7/../../..]
    arg [CMakeFiles/cmTryCompileExec852548785.dir/CMakeCXXCompilerABI.cpp.o] ==> ignore
    arg [-lstdc++] ==> lib [stdc++]
    arg [-lm] ==> lib [m]
    arg [-lgcc_s] ==> lib [gcc_s]
    arg [-lgcc] ==> lib [gcc]
    arg [-lc] ==> lib [c]
    arg [-lgcc_s] ==> lib [gcc_s]
    arg [-lgcc] ==> lib [gcc]
    arg [/usr/lib/gcc/i686-linux-gnu/4.7/crtend.o] ==> ignore
    arg [/usr/lib/gcc/i686-linux-gnu/4.7/../../../i386-linux-gnu/crtn.o] ==> ignore
  remove lib [gcc_s]
  remove lib [gcc]
  remove lib [gcc_s]
  remove lib [gcc]
  collapse dir [/usr/lib/gcc/i686-linux-gnu/4.7] ==> [/usr/lib/gcc/i686-linux-gnu/4.7]
  collapse dir [/usr/lib/gcc/i686-linux-gnu/4.7/../../../i386-linux-gnu] ==> [/usr/lib/i386-linux-gnu]
  collapse dir [/usr/lib/gcc/i686-linux-gnu/4.7/../../../../lib] ==> [/usr/lib]
  collapse dir [/lib/i386-linux-gnu] ==> [/lib/i386-linux-gnu]
  collapse dir [/lib/../lib] ==> [/lib]
  collapse dir [/usr/lib/i386-linux-gnu] ==> [/usr/lib/i386-linux-gnu]
  collapse dir [/usr/lib/../lib] ==> [/usr/lib]
  collapse dir [/usr/lib/gcc/i686-linux-gnu/4.7/../../..] ==> [/usr/lib]
  implicit libs: [stdc++;m;c]
  implicit dirs: [/usr/lib/gcc/i686-linux-gnu/4.7;/usr/lib/i386-linux-gnu;/usr/lib;/lib/i386-linux-gnu;/lib]


Determining if the function XOpenDisplay exists in the /usr/lib/i386-linux-gnu/libX11.so;/usr/lib/i386-linux-gnu/libXext.so passed with the following output:
Change Dir: /home/zekin/projects/C009-TaleOfRedengard/CMakeFiles/CMakeTmp

Run Build Command:/usr/bin/make "cmTryCompileExec3489432432/fast"
/usr/bin/make -f CMakeFiles/cmTryCompileExec3489432432.dir/build.make CMakeFiles/cmTryCompileExec3489432432.dir/build
make[1]: Entering directory `/home/zekin/projects/C009-TaleOfRedengard/CMakeFiles/CMakeTmp'
/usr/bin/cmake -E cmake_progress_report /home/zekin/projects/C009-TaleOfRedengard/CMakeFiles/CMakeTmp/CMakeFiles 1
Building C object CMakeFiles/cmTryCompileExec3489432432.dir/CheckFunctionExists.c.o
/usr/bin/gcc   -DCHECK_FUNCTION_EXISTS=XOpenDisplay   -o CMakeFiles/cmTryCompileExec3489432432.dir/CheckFunctionExists.c.o   -c /usr/share/cmake-2.8/Modules/CheckFunctionExists.c
Linking C executable cmTryCompileExec3489432432
/usr/bin/cmake -E cmake_link_script CMakeFiles/cmTryCompileExec3489432432.dir/link.txt --verbose=1
/usr/bin/gcc     -DCHECK_FUNCTION_EXISTS=XOpenDisplay    CMakeFiles/cmTryCompileExec3489432432.dir/CheckFunctionExists.c.o  -o cmTryCompileExec3489432432 -rdynamic -lX11 -lXext 
make[1]: Leaving directory `/home/zekin/projects/C009-TaleOfRedengard/CMakeFiles/CMakeTmp'


Determining if the function gethostbyname exists passed with the following output:
Change Dir: /home/zekin/projects/C009-TaleOfRedengard/CMakeFiles/CMakeTmp

Run Build Command:/usr/bin/make "cmTryCompileExec206039912/fast"
/usr/bin/make -f CMakeFiles/cmTryCompileExec206039912.dir/build.make CMakeFiles/cmTryCompileExec206039912.dir/build
make[1]: Entering directory `/home/zekin/projects/C009-TaleOfRedengard/CMakeFiles/CMakeTmp'
/usr/bin/cmake -E cmake_progress_report /home/zekin/projects/C009-TaleOfRedengard/CMakeFiles/CMakeTmp/CMakeFiles 1
Building C object CMakeFiles/cmTryCompileExec206039912.dir/CheckFunctionExists.c.o
/usr/bin/gcc   -DCHECK_FUNCTION_EXISTS=gethostbyname   -o CMakeFiles/cmTryCompileExec206039912.dir/CheckFunctionExists.c.o   -c /usr/share/cmake-2.8/Modules/CheckFunctionExists.c
Linking C executable cmTryCompileExec206039912
/usr/bin/cmake -E cmake_link_script CMakeFiles/cmTryCompileExec206039912.dir/link.txt --verbose=1
/usr/bin/gcc     -DCHECK_FUNCTION_EXISTS=gethostbyname    CMakeFiles/cmTryCompileExec206039912.dir/CheckFunctionExists.c.o  -o cmTryCompileExec206039912 -rdynamic 
make[1]: Leaving directory `/home/zekin/projects/C009-TaleOfRedengard/CMakeFiles/CMakeTmp'


Determining if the function connect exists passed with the following output:
Change Dir: /home/zekin/projects/C009-TaleOfRedengard/CMakeFiles/CMakeTmp

Run Build Command:/usr/bin/make "cmTryCompileExec3617960911/fast"
/usr/bin/make -f CMakeFiles/cmTryCompileExec3617960911.dir/build.make CMakeFiles/cmTryCompileExec3617960911.dir/build
make[1]: Entering directory `/home/zekin/projects/C009-TaleOfRedengard/CMakeFiles/CMakeTmp'
/usr/bin/cmake -E cmake_progress_report /home/zekin/projects/C009-TaleOfRedengard/CMakeFiles/CMakeTmp/CMakeFiles 1
Building C object CMakeFiles/cmTryCompileExec3617960911.dir/CheckFunctionExists.c.o
/usr/bin/gcc   -DCHECK_FUNCTION_EXISTS=connect   -o CMakeFiles/cmTryCompileExec3617960911.dir/CheckFunctionExists.c.o   -c /usr/share/cmake-2.8/Modules/CheckFunctionExists.c
Linking C executable cmTryCompileExec3617960911
/usr/bin/cmake -E cmake_link_script CMakeFiles/cmTryCompileExec3617960911.dir/link.txt --verbose=1
/usr/bin/gcc     -DCHECK_FUNCTION_EXISTS=connect    CMakeFiles/cmTryCompileExec3617960911.dir/CheckFunctionExists.c.o  -o cmTryCompileExec3617960911 -rdynamic 
make[1]: Leaving directory `/home/zekin/projects/C009-TaleOfRedengard/CMakeFiles/CMakeTmp'


Determining if the function remove exists passed with the following output:
Change Dir: /home/zekin/projects/C009-TaleOfRedengard/CMakeFiles/CMakeTmp

Run Build Command:/usr/bin/make "cmTryCompileExec3069770814/fast"
/usr/bin/make -f CMakeFiles/cmTryCompileExec3069770814.dir/build.make CMakeFiles/cmTryCompileExec3069770814.dir/build
make[1]: Entering directory `/home/zekin/projects/C009-TaleOfRedengard/CMakeFiles/CMakeTmp'
/usr/bin/cmake -E cmake_progress_report /home/zekin/projects/C009-TaleOfRedengard/CMakeFiles/CMakeTmp/CMakeFiles 1
Building C object CMakeFiles/cmTryCompileExec3069770814.dir/CheckFunctionExists.c.o
/usr/bin/gcc   -DCHECK_FUNCTION_EXISTS=remove   -o CMakeFiles/cmTryCompileExec3069770814.dir/CheckFunctionExists.c.o   -c /usr/share/cmake-2.8/Modules/CheckFunctionExists.c
Linking C executable cmTryCompileExec3069770814
/usr/bin/cmake -E cmake_link_script CMakeFiles/cmTryCompileExec3069770814.dir/link.txt --verbose=1
/usr/bin/gcc     -DCHECK_FUNCTION_EXISTS=remove    CMakeFiles/cmTryCompileExec3069770814.dir/CheckFunctionExists.c.o  -o cmTryCompileExec3069770814 -rdynamic 
make[1]: Leaving directory `/home/zekin/projects/C009-TaleOfRedengard/CMakeFiles/CMakeTmp'


Determining if the function shmat exists passed with the following output:
Change Dir: /home/zekin/projects/C009-TaleOfRedengard/CMakeFiles/CMakeTmp

Run Build Command:/usr/bin/make "cmTryCompileExec1275853361/fast"
/usr/bin/make -f CMakeFiles/cmTryCompileExec1275853361.dir/build.make CMakeFiles/cmTryCompileExec1275853361.dir/build
make[1]: Entering directory `/home/zekin/projects/C009-TaleOfRedengard/CMakeFiles/CMakeTmp'
/usr/bin/cmake -E cmake_progress_report /home/zekin/projects/C009-TaleOfRedengard/CMakeFiles/CMakeTmp/CMakeFiles 1
Building C object CMakeFiles/cmTryCompileExec1275853361.dir/CheckFunctionExists.c.o
/usr/bin/gcc   -DCHECK_FUNCTION_EXISTS=shmat   -o CMakeFiles/cmTryCompileExec1275853361.dir/CheckFunctionExists.c.o   -c /usr/share/cmake-2.8/Modules/CheckFunctionExists.c
Linking C executable cmTryCompileExec1275853361
/usr/bin/cmake -E cmake_link_script CMakeFiles/cmTryCompileExec1275853361.dir/link.txt --verbose=1
/usr/bin/gcc     -DCHECK_FUNCTION_EXISTS=shmat    CMakeFiles/cmTryCompileExec1275853361.dir/CheckFunctionExists.c.o  -o cmTryCompileExec1275853361 -rdynamic 
make[1]: Leaving directory `/home/zekin/projects/C009-TaleOfRedengard/CMakeFiles/CMakeTmp'


Determining if the function IceConnectionNumber exists in the ICE passed with the following output:
Change Dir: /home/zekin/projects/C009-TaleOfRedengard/CMakeFiles/CMakeTmp

Run Build Command:/usr/bin/make "cmTryCompileExec3851596299/fast"
/usr/bin/make -f CMakeFiles/cmTryCompileExec3851596299.dir/build.make CMakeFiles/cmTryCompileExec3851596299.dir/build
make[1]: Entering directory `/home/zekin/projects/C009-TaleOfRedengard/CMakeFiles/CMakeTmp'
/usr/bin/cmake -E cmake_progress_report /home/zekin/projects/C009-TaleOfRedengard/CMakeFiles/CMakeTmp/CMakeFiles 1
Building C object CMakeFiles/cmTryCompileExec3851596299.dir/CheckFunctionExists.c.o
/usr/bin/gcc   -DCHECK_FUNCTION_EXISTS=IceConnectionNumber   -o CMakeFiles/cmTryCompileExec3851596299.dir/CheckFunctionExists.c.o   -c /usr/share/cmake-2.8/Modules/CheckFunctionExists.c
Linking C executable cmTryCompileExec3851596299
/usr/bin/cmake -E cmake_link_script CMakeFiles/cmTryCompileExec3851596299.dir/link.txt --verbose=1
/usr/bin/gcc     -DCHECK_FUNCTION_EXISTS=IceConnectionNumber    CMakeFiles/cmTryCompileExec3851596299.dir/CheckFunctionExists.c.o  -o cmTryCompileExec3851596299 -rdynamic -lICE 
make[1]: Leaving directory `/home/zekin/projects/C009-TaleOfRedengard/CMakeFiles/CMakeTmp'


Determining if files pthread.h exist passed with the following output:
Change Dir: /home/zekin/projects/C009-TaleOfRedengard/CMakeFiles/CMakeTmp

Run Build Command:/usr/bin/make "cmTryCompileExec933909591/fast"
/usr/bin/make -f CMakeFiles/cmTryCompileExec933909591.dir/build.make CMakeFiles/cmTryCompileExec933909591.dir/build
make[1]: Entering directory `/home/zekin/projects/C009-TaleOfRedengard/CMakeFiles/CMakeTmp'
/usr/bin/cmake -E cmake_progress_report /home/zekin/projects/C009-TaleOfRedengard/CMakeFiles/CMakeTmp/CMakeFiles 1
Building C object CMakeFiles/cmTryCompileExec933909591.dir/CheckIncludeFiles.c.o
/usr/bin/gcc    -o CMakeFiles/cmTryCompileExec933909591.dir/CheckIncludeFiles.c.o   -c /home/zekin/projects/C009-TaleOfRedengard/CMakeFiles/CMakeTmp/CheckIncludeFiles.c
Linking C executable cmTryCompileExec933909591
/usr/bin/cmake -E cmake_link_script CMakeFiles/cmTryCompileExec933909591.dir/link.txt --verbose=1
/usr/bin/gcc         CMakeFiles/cmTryCompileExec933909591.dir/CheckIncludeFiles.c.o  -o cmTryCompileExec933909591 -rdynamic 
make[1]: Leaving directory `/home/zekin/projects/C009-TaleOfRedengard/CMakeFiles/CMakeTmp'


Determining if the function pthread_create exists in the pthread passed with the following output:
Change Dir: /home/zekin/projects/C009-TaleOfRedengard/CMakeFiles/CMakeTmp

Run Build Command:/usr/bin/make "cmTryCompileExec369022509/fast"
/usr/bin/make -f CMakeFiles/cmTryCompileExec369022509.dir/build.make CMakeFiles/cmTryCompileExec369022509.dir/build
make[1]: Entering directory `/home/zekin/projects/C009-TaleOfRedengard/CMakeFiles/CMakeTmp'
/usr/bin/cmake -E cmake_progress_report /home/zekin/projects/C009-TaleOfRedengard/CMakeFiles/CMakeTmp/CMakeFiles 1
Building C object CMakeFiles/cmTryCompileExec369022509.dir/CheckFunctionExists.c.o
/usr/bin/gcc   -DCHECK_FUNCTION_EXISTS=pthread_create   -o CMakeFiles/cmTryCompileExec369022509.dir/CheckFunctionExists.c.o   -c /usr/share/cmake-2.8/Modules/CheckFunctionExists.c
Linking C executable cmTryCompileExec369022509
/usr/bin/cmake -E cmake_link_script CMakeFiles/cmTryCompileExec369022509.dir/link.txt --verbose=1
/usr/bin/gcc     -DCHECK_FUNCTION_EXISTS=pthread_create    CMakeFiles/cmTryCompileExec369022509.dir/CheckFunctionExists.c.o  -o cmTryCompileExec369022509 -rdynamic -lpthread 
make[1]: Leaving directory `/home/zekin/projects/C009-TaleOfRedengard/CMakeFiles/CMakeTmp'


The system is: Linux - 3.10.11-200.fc19.x86_64 - x86_64
Compiling the C compiler identification source file "CMakeCCompilerId.c" succeeded.
Compiler: /usr/bin/cc 
Build flags: 
Id flags: 

The output was:
0


Compilation of the C compiler identification source "CMakeCCompilerId.c" produced "a.out"

The C compiler identification is GNU, found in "/home/zekin/projects/C009-TaleOfDagon/CMakeFiles/2.8.11/CompilerIdC/a.out"

Compiling the CXX compiler identification source file "CMakeCXXCompilerId.cpp" succeeded.
Compiler: /usr/bin/c++ 
Build flags: 
Id flags: 

The output was:
0


Compilation of the CXX compiler identification source "CMakeCXXCompilerId.cpp" produced "a.out"

The CXX compiler identification is GNU, found in "/home/zekin/projects/C009-TaleOfDagon/CMakeFiles/2.8.11/CompilerIdCXX/a.out"

Determining if the C compiler works passed with the following output:
Change Dir: /home/zekin/projects/C009-TaleOfDagon/CMakeFiles/CMakeTmp

Run Build Command:/usr/bin/gmake "cmTryCompileExec580842896/fast"
/usr/bin/gmake -f CMakeFiles/cmTryCompileExec580842896.dir/build.make CMakeFiles/cmTryCompileExec580842896.dir/build
gmake[1]: Entering directory `/home/zekin/projects/C009-TaleOfDagon/CMakeFiles/CMakeTmp'
/usr/bin/cmake -E cmake_progress_report /home/zekin/projects/C009-TaleOfDagon/CMakeFiles/CMakeTmp/CMakeFiles 1
Building C object CMakeFiles/cmTryCompileExec580842896.dir/testCCompiler.c.o
/usr/bin/cc    -o CMakeFiles/cmTryCompileExec580842896.dir/testCCompiler.c.o   -c /home/zekin/projects/C009-TaleOfDagon/CMakeFiles/CMakeTmp/testCCompiler.c
Linking C executable cmTryCompileExec580842896
/usr/bin/cmake -E cmake_link_script CMakeFiles/cmTryCompileExec580842896.dir/link.txt --verbose=1
/usr/bin/cc         CMakeFiles/cmTryCompileExec580842896.dir/testCCompiler.c.o  -o cmTryCompileExec580842896 -rdynamic 
gmake[1]: Leaving directory `/home/zekin/projects/C009-TaleOfDagon/CMakeFiles/CMakeTmp'


Detecting C compiler ABI info compiled with the following output:
Change Dir: /home/zekin/projects/C009-TaleOfDagon/CMakeFiles/CMakeTmp

Run Build Command:/usr/bin/gmake "cmTryCompileExec2564108838/fast"
/usr/bin/gmake -f CMakeFiles/cmTryCompileExec2564108838.dir/build.make CMakeFiles/cmTryCompileExec2564108838.dir/build
gmake[1]: Entering directory `/home/zekin/projects/C009-TaleOfDagon/CMakeFiles/CMakeTmp'
/usr/bin/cmake -E cmake_progress_report /home/zekin/projects/C009-TaleOfDagon/CMakeFiles/CMakeTmp/CMakeFiles 1
Building C object CMakeFiles/cmTryCompileExec2564108838.dir/CMakeCCompilerABI.c.o
/usr/bin/cc    -o CMakeFiles/cmTryCompileExec2564108838.dir/CMakeCCompilerABI.c.o   -c /usr/share/cmake/Modules/CMakeCCompilerABI.c
Linking C executable cmTryCompileExec2564108838
/usr/bin/cmake -E cmake_link_script CMakeFiles/cmTryCompileExec2564108838.dir/link.txt --verbose=1
/usr/bin/cc       -v CMakeFiles/cmTryCompileExec2564108838.dir/CMakeCCompilerABI.c.o  -o cmTryCompileExec2564108838 -rdynamic  
Using built-in specs.
COLLECT_GCC=/usr/bin/cc
COLLECT_LTO_WRAPPER=/usr/libexec/gcc/x86_64-redhat-linux/4.8.1/lto-wrapper
Target: x86_64-redhat-linux
Configured with: ../configure --prefix=/usr --mandir=/usr/share/man --infodir=/usr/share/info --with-bugurl=http://bugzilla.redhat.com/bugzilla --enable-bootstrap --enable-shared --enable-threads=posix --enable-checking=release --with-system-zlib --enable-__cxa_atexit --disable-libunwind-exceptions --enable-gnu-unique-object --enable-linker-build-id --with-linker-hash-style=gnu --enable-languages=c,c++,objc,obj-c++,java,fortran,ada,go,lto --enable-plugin --enable-initfini-array --enable-java-awt=gtk --disable-dssi --with-java-home=/usr/lib/jvm/java-1.5.0-gcj-1.5.0.0/jre --enable-libgcj-multifile --enable-java-maintainer-mode --with-ecj-jar=/usr/share/java/eclipse-ecj.jar --disable-libjava-multilib --with-isl=/builddir/build/BUILD/gcc-4.8.1-20130603/obj-x86_64-redhat-linux/isl-install --with-cloog=/builddir/build/BUILD/gcc-4.8.1-20130603/obj-x86_64-redhat-linux/cloog-install --with-tune=generic --with-arch_32=i686 --build=x86_64-redhat-linux
Thread model: posix
gcc version 4.8.1 20130603 (Red Hat 4.8.1-1) (GCC) 
COMPILER_PATH=/usr/libexec/gcc/x86_64-redhat-linux/4.8.1/:/usr/libexec/gcc/x86_64-redhat-linux/4.8.1/:/usr/libexec/gcc/x86_64-redhat-linux/:/usr/lib/gcc/x86_64-redhat-linux/4.8.1/:/usr/lib/gcc/x86_64-redhat-linux/
LIBRARY_PATH=/usr/lib/gcc/x86_64-redhat-linux/4.8.1/:/usr/lib/gcc/x86_64-redhat-linux/4.8.1/../../../../lib64/:/lib/../lib64/:/usr/lib/../lib64/:/usr/lib/gcc/x86_64-redhat-linux/4.8.1/../../../:/lib/:/usr/lib/
COLLECT_GCC_OPTIONS='-v' '-o' 'cmTryCompileExec2564108838' '-rdynamic' '-mtune=generic' '-march=x86-64'
 /usr/libexec/gcc/x86_64-redhat-linux/4.8.1/collect2 --build-id --no-add-needed --eh-frame-hdr --hash-style=gnu -m elf_x86_64 -export-dynamic -dynamic-linker /lib64/ld-linux-x86-64.so.2 -o cmTryCompileExec2564108838 /usr/lib/gcc/x86_64-redhat-linux/4.8.1/../../../../lib64/crt1.o /usr/lib/gcc/x86_64-redhat-linux/4.8.1/../../../../lib64/crti.o /usr/lib/gcc/x86_64-redhat-linux/4.8.1/crtbegin.o -L/usr/lib/gcc/x86_64-redhat-linux/4.8.1 -L/usr/lib/gcc/x86_64-redhat-linux/4.8.1/../../../../lib64 -L/lib/../lib64 -L/usr/lib/../lib64 -L/usr/lib/gcc/x86_64-redhat-linux/4.8.1/../../.. CMakeFiles/cmTryCompileExec2564108838.dir/CMakeCCompilerABI.c.o -lgcc --as-needed -lgcc_s --no-as-needed -lc -lgcc --as-needed -lgcc_s --no-as-needed /usr/lib/gcc/x86_64-redhat-linux/4.8.1/crtend.o /usr/lib/gcc/x86_64-redhat-linux/4.8.1/../../../../lib64/crtn.o
gmake[1]: Leaving directory `/home/zekin/projects/C009-TaleOfDagon/CMakeFiles/CMakeTmp'


Parsed C implicit link information from above output:
  link line regex: [^( *|.*[/\])(ld|ld|collect2)[^/\]*( |$)]
  ignore line: [Change Dir: /home/zekin/projects/C009-TaleOfDagon/CMakeFiles/CMakeTmp]
  ignore line: []
  ignore line: [Run Build Command:/usr/bin/gmake "cmTryCompileExec2564108838/fast"]
  ignore line: [/usr/bin/gmake -f CMakeFiles/cmTryCompileExec2564108838.dir/build.make CMakeFiles/cmTryCompileExec2564108838.dir/build]
  ignore line: [gmake[1]: Entering directory `/home/zekin/projects/C009-TaleOfDagon/CMakeFiles/CMakeTmp']
  ignore line: [/usr/bin/cmake -E cmake_progress_report /home/zekin/projects/C009-TaleOfDagon/CMakeFiles/CMakeTmp/CMakeFiles 1]
  ignore line: [Building C object CMakeFiles/cmTryCompileExec2564108838.dir/CMakeCCompilerABI.c.o]
  ignore line: [/usr/bin/cc    -o CMakeFiles/cmTryCompileExec2564108838.dir/CMakeCCompilerABI.c.o   -c /usr/share/cmake/Modules/CMakeCCompilerABI.c]
  ignore line: [Linking C executable cmTryCompileExec2564108838]
  ignore line: [/usr/bin/cmake -E cmake_link_script CMakeFiles/cmTryCompileExec2564108838.dir/link.txt --verbose=1]
  ignore line: [/usr/bin/cc       -v CMakeFiles/cmTryCompileExec2564108838.dir/CMakeCCompilerABI.c.o  -o cmTryCompileExec2564108838 -rdynamic  ]
  ignore line: [Using built-in specs.]
  ignore line: [COLLECT_GCC=/usr/bin/cc]
  ignore line: [COLLECT_LTO_WRAPPER=/usr/libexec/gcc/x86_64-redhat-linux/4.8.1/lto-wrapper]
  ignore line: [Target: x86_64-redhat-linux]
  ignore line: [Configured with: ../configure --prefix=/usr --mandir=/usr/share/man --infodir=/usr/share/info --with-bugurl=http://bugzilla.redhat.com/bugzilla --enable-bootstrap --enable-shared --enable-threads=posix --enable-checking=release --with-system-zlib --enable-__cxa_atexit --disable-libunwind-exceptions --enable-gnu-unique-object --enable-linker-build-id --with-linker-hash-style=gnu --enable-languages=c,c++,objc,obj-c++,java,fortran,ada,go,lto --enable-plugin --enable-initfini-array --enable-java-awt=gtk --disable-dssi --with-java-home=/usr/lib/jvm/java-1.5.0-gcj-1.5.0.0/jre --enable-libgcj-multifile --enable-java-maintainer-mode --with-ecj-jar=/usr/share/java/eclipse-ecj.jar --disable-libjava-multilib --with-isl=/builddir/build/BUILD/gcc-4.8.1-20130603/obj-x86_64-redhat-linux/isl-install --with-cloog=/builddir/build/BUILD/gcc-4.8.1-20130603/obj-x86_64-redhat-linux/cloog-install --with-tune=generic --with-arch_32=i686 --build=x86_64-redhat-linux]
  ignore line: [Thread model: posix]
  ignore line: [gcc version 4.8.1 20130603 (Red Hat 4.8.1-1) (GCC) ]
  ignore line: [COMPILER_PATH=/usr/libexec/gcc/x86_64-redhat-linux/4.8.1/:/usr/libexec/gcc/x86_64-redhat-linux/4.8.1/:/usr/libexec/gcc/x86_64-redhat-linux/:/usr/lib/gcc/x86_64-redhat-linux/4.8.1/:/usr/lib/gcc/x86_64-redhat-linux/]
  ignore line: [LIBRARY_PATH=/usr/lib/gcc/x86_64-redhat-linux/4.8.1/:/usr/lib/gcc/x86_64-redhat-linux/4.8.1/../../../../lib64/:/lib/../lib64/:/usr/lib/../lib64/:/usr/lib/gcc/x86_64-redhat-linux/4.8.1/../../../:/lib/:/usr/lib/]
  ignore line: [COLLECT_GCC_OPTIONS='-v' '-o' 'cmTryCompileExec2564108838' '-rdynamic' '-mtune=generic' '-march=x86-64']
  link line: [ /usr/libexec/gcc/x86_64-redhat-linux/4.8.1/collect2 --build-id --no-add-needed --eh-frame-hdr --hash-style=gnu -m elf_x86_64 -export-dynamic -dynamic-linker /lib64/ld-linux-x86-64.so.2 -o cmTryCompileExec2564108838 /usr/lib/gcc/x86_64-redhat-linux/4.8.1/../../../../lib64/crt1.o /usr/lib/gcc/x86_64-redhat-linux/4.8.1/../../../../lib64/crti.o /usr/lib/gcc/x86_64-redhat-linux/4.8.1/crtbegin.o -L/usr/lib/gcc/x86_64-redhat-linux/4.8.1 -L/usr/lib/gcc/x86_64-redhat-linux/4.8.1/../../../../lib64 -L/lib/../lib64 -L/usr/lib/../lib64 -L/usr/lib/gcc/x86_64-redhat-linux/4.8.1/../../.. CMakeFiles/cmTryCompileExec2564108838.dir/CMakeCCompilerABI.c.o -lgcc --as-needed -lgcc_s --no-as-needed -lc -lgcc --as-needed -lgcc_s --no-as-needed /usr/lib/gcc/x86_64-redhat-linux/4.8.1/crtend.o /usr/lib/gcc/x86_64-redhat-linux/4.8.1/../../../../lib64/crtn.o]
    arg [/usr/libexec/gcc/x86_64-redhat-linux/4.8.1/collect2] ==> ignore
    arg [--build-id] ==> ignore
    arg [--no-add-needed] ==> ignore
    arg [--eh-frame-hdr] ==> ignore
    arg [--hash-style=gnu] ==> ignore
    arg [-m] ==> ignore
    arg [elf_x86_64] ==> ignore
    arg [-export-dynamic] ==> ignore
    arg [-dynamic-linker] ==> ignore
    arg [/lib64/ld-linux-x86-64.so.2] ==> ignore
    arg [-o] ==> ignore
    arg [cmTryCompileExec2564108838] ==> ignore
    arg [/usr/lib/gcc/x86_64-redhat-linux/4.8.1/../../../../lib64/crt1.o] ==> ignore
    arg [/usr/lib/gcc/x86_64-redhat-linux/4.8.1/../../../../lib64/crti.o] ==> ignore
    arg [/usr/lib/gcc/x86_64-redhat-linux/4.8.1/crtbegin.o] ==> ignore
    arg [-L/usr/lib/gcc/x86_64-redhat-linux/4.8.1] ==> dir [/usr/lib/gcc/x86_64-redhat-linux/4.8.1]
    arg [-L/usr/lib/gcc/x86_64-redhat-linux/4.8.1/../../../../lib64] ==> dir [/usr/lib/gcc/x86_64-redhat-linux/4.8.1/../../../../lib64]
    arg [-L/lib/../lib64] ==> dir [/lib/../lib64]
    arg [-L/usr/lib/../lib64] ==> dir [/usr/lib/../lib64]
    arg [-L/usr/lib/gcc/x86_64-redhat-linux/4.8.1/../../..] ==> dir [/usr/lib/gcc/x86_64-redhat-linux/4.8.1/../../..]
    arg [CMakeFiles/cmTryCompileExec2564108838.dir/CMakeCCompilerABI.c.o] ==> ignore
    arg [-lgcc] ==> lib [gcc]
    arg [--as-needed] ==> ignore
    arg [-lgcc_s] ==> lib [gcc_s]
    arg [--no-as-needed] ==> ignore
    arg [-lc] ==> lib [c]
    arg [-lgcc] ==> lib [gcc]
    arg [--as-needed] ==> ignore
    arg [-lgcc_s] ==> lib [gcc_s]
    arg [--no-as-needed] ==> ignore
    arg [/usr/lib/gcc/x86_64-redhat-linux/4.8.1/crtend.o] ==> ignore
    arg [/usr/lib/gcc/x86_64-redhat-linux/4.8.1/../../../../lib64/crtn.o] ==> ignore
  remove lib [gcc]
  remove lib [gcc_s]
  remove lib [gcc]
  remove lib [gcc_s]
  collapse library dir [/usr/lib/gcc/x86_64-redhat-linux/4.8.1] ==> [/usr/lib/gcc/x86_64-redhat-linux/4.8.1]
  collapse library dir [/usr/lib/gcc/x86_64-redhat-linux/4.8.1/../../../../lib64] ==> [/usr/lib64]
  collapse library dir [/lib/../lib64] ==> [/lib64]
  collapse library dir [/usr/lib/../lib64] ==> [/usr/lib64]
  collapse library dir [/usr/lib/gcc/x86_64-redhat-linux/4.8.1/../../..] ==> [/usr/lib]
  implicit libs: [c]
  implicit dirs: [/usr/lib/gcc/x86_64-redhat-linux/4.8.1;/usr/lib64;/lib64;/usr/lib]
  implicit fwks: []


Determining if the CXX compiler works passed with the following output:
Change Dir: /home/zekin/projects/C009-TaleOfDagon/CMakeFiles/CMakeTmp

Run Build Command:/usr/bin/gmake "cmTryCompileExec3871662651/fast"
/usr/bin/gmake -f CMakeFiles/cmTryCompileExec3871662651.dir/build.make CMakeFiles/cmTryCompileExec3871662651.dir/build
gmake[1]: Entering directory `/home/zekin/projects/C009-TaleOfDagon/CMakeFiles/CMakeTmp'
/usr/bin/cmake -E cmake_progress_report /home/zekin/projects/C009-TaleOfDagon/CMakeFiles/CMakeTmp/CMakeFiles 1
Building CXX object CMakeFiles/cmTryCompileExec3871662651.dir/testCXXCompiler.cxx.o
/usr/bin/c++     -o CMakeFiles/cmTryCompileExec3871662651.dir/testCXXCompiler.cxx.o -c /home/zekin/projects/C009-TaleOfDagon/CMakeFiles/CMakeTmp/testCXXCompiler.cxx
Linking CXX executable cmTryCompileExec3871662651
/usr/bin/cmake -E cmake_link_script CMakeFiles/cmTryCompileExec3871662651.dir/link.txt --verbose=1
/usr/bin/c++          CMakeFiles/cmTryCompileExec3871662651.dir/testCXXCompiler.cxx.o  -o cmTryCompileExec3871662651 -rdynamic 
gmake[1]: Leaving directory `/home/zekin/projects/C009-TaleOfDagon/CMakeFiles/CMakeTmp'


Detecting CXX compiler ABI info compiled with the following output:
Change Dir: /home/zekin/projects/C009-TaleOfDagon/CMakeFiles/CMakeTmp

Run Build Command:/usr/bin/gmake "cmTryCompileExec820288722/fast"
/usr/bin/gmake -f CMakeFiles/cmTryCompileExec820288722.dir/build.make CMakeFiles/cmTryCompileExec820288722.dir/build
gmake[1]: Entering directory `/home/zekin/projects/C009-TaleOfDagon/CMakeFiles/CMakeTmp'
/usr/bin/cmake -E cmake_progress_report /home/zekin/projects/C009-TaleOfDagon/CMakeFiles/CMakeTmp/CMakeFiles 1
Building CXX object CMakeFiles/cmTryCompileExec820288722.dir/CMakeCXXCompilerABI.cpp.o
/usr/bin/c++     -o CMakeFiles/cmTryCompileExec820288722.dir/CMakeCXXCompilerABI.cpp.o -c /usr/share/cmake/Modules/CMakeCXXCompilerABI.cpp
Linking CXX executable cmTryCompileExec820288722
/usr/bin/cmake -E cmake_link_script CMakeFiles/cmTryCompileExec820288722.dir/link.txt --verbose=1
/usr/bin/c++        -v CMakeFiles/cmTryCompileExec820288722.dir/CMakeCXXCompilerABI.cpp.o  -o cmTryCompileExec820288722 -rdynamic  
Using built-in specs.
COLLECT_GCC=/usr/bin/c++
COLLECT_LTO_WRAPPER=/usr/libexec/gcc/x86_64-redhat-linux/4.8.1/lto-wrapper
Target: x86_64-redhat-linux
Configured with: ../configure --prefix=/usr --mandir=/usr/share/man --infodir=/usr/share/info --with-bugurl=http://bugzilla.redhat.com/bugzilla --enable-bootstrap --enable-shared --enable-threads=posix --enable-checking=release --with-system-zlib --enable-__cxa_atexit --disable-libunwind-exceptions --enable-gnu-unique-object --enable-linker-build-id --with-linker-hash-style=gnu --enable-languages=c,c++,objc,obj-c++,java,fortran,ada,go,lto --enable-plugin --enable-initfini-array --enable-java-awt=gtk --disable-dssi --with-java-home=/usr/lib/jvm/java-1.5.0-gcj-1.5.0.0/jre --enable-libgcj-multifile --enable-java-maintainer-mode --with-ecj-jar=/usr/share/java/eclipse-ecj.jar --disable-libjava-multilib --with-isl=/builddir/build/BUILD/gcc-4.8.1-20130603/obj-x86_64-redhat-linux/isl-install --with-cloog=/builddir/build/BUILD/gcc-4.8.1-20130603/obj-x86_64-redhat-linux/cloog-install --with-tune=generic --with-arch_32=i686 --build=x86_64-redhat-linux
Thread model: posix
gcc version 4.8.1 20130603 (Red Hat 4.8.1-1) (GCC) 
COMPILER_PATH=/usr/libexec/gcc/x86_64-redhat-linux/4.8.1/:/usr/libexec/gcc/x86_64-redhat-linux/4.8.1/:/usr/libexec/gcc/x86_64-redhat-linux/:/usr/lib/gcc/x86_64-redhat-linux/4.8.1/:/usr/lib/gcc/x86_64-redhat-linux/
LIBRARY_PATH=/usr/lib/gcc/x86_64-redhat-linux/4.8.1/:/usr/lib/gcc/x86_64-redhat-linux/4.8.1/../../../../lib64/:/lib/../lib64/:/usr/lib/../lib64/:/usr/lib/gcc/x86_64-redhat-linux/4.8.1/../../../:/lib/:/usr/lib/
COLLECT_GCC_OPTIONS='-v' '-o' 'cmTryCompileExec820288722' '-rdynamic' '-shared-libgcc' '-mtune=generic' '-march=x86-64'
 /usr/libexec/gcc/x86_64-redhat-linux/4.8.1/collect2 --build-id --no-add-needed --eh-frame-hdr --hash-style=gnu -m elf_x86_64 -export-dynamic -dynamic-linker /lib64/ld-linux-x86-64.so.2 -o cmTryCompileExec820288722 /usr/lib/gcc/x86_64-redhat-linux/4.8.1/../../../../lib64/crt1.o /usr/lib/gcc/x86_64-redhat-linux/4.8.1/../../../../lib64/crti.o /usr/lib/gcc/x86_64-redhat-linux/4.8.1/crtbegin.o -L/usr/lib/gcc/x86_64-redhat-linux/4.8.1 -L/usr/lib/gcc/x86_64-redhat-linux/4.8.1/../../../../lib64 -L/lib/../lib64 -L/usr/lib/../lib64 -L/usr/lib/gcc/x86_64-redhat-linux/4.8.1/../../.. CMakeFiles/cmTryCompileExec820288722.dir/CMakeCXXCompilerABI.cpp.o -lstdc++ -lm -lgcc_s -lgcc -lc -lgcc_s -lgcc /usr/lib/gcc/x86_64-redhat-linux/4.8.1/crtend.o /usr/lib/gcc/x86_64-redhat-linux/4.8.1/../../../../lib64/crtn.o
gmake[1]: Leaving directory `/home/zekin/projects/C009-TaleOfDagon/CMakeFiles/CMakeTmp'


Parsed CXX implicit link information from above output:
  link line regex: [^( *|.*[/\])(ld|ld|collect2)[^/\]*( |$)]
  ignore line: [Change Dir: /home/zekin/projects/C009-TaleOfDagon/CMakeFiles/CMakeTmp]
  ignore line: []
  ignore line: [Run Build Command:/usr/bin/gmake "cmTryCompileExec820288722/fast"]
  ignore line: [/usr/bin/gmake -f CMakeFiles/cmTryCompileExec820288722.dir/build.make CMakeFiles/cmTryCompileExec820288722.dir/build]
  ignore line: [gmake[1]: Entering directory `/home/zekin/projects/C009-TaleOfDagon/CMakeFiles/CMakeTmp']
  ignore line: [/usr/bin/cmake -E cmake_progress_report /home/zekin/projects/C009-TaleOfDagon/CMakeFiles/CMakeTmp/CMakeFiles 1]
  ignore line: [Building CXX object CMakeFiles/cmTryCompileExec820288722.dir/CMakeCXXCompilerABI.cpp.o]
  ignore line: [/usr/bin/c++     -o CMakeFiles/cmTryCompileExec820288722.dir/CMakeCXXCompilerABI.cpp.o -c /usr/share/cmake/Modules/CMakeCXXCompilerABI.cpp]
  ignore line: [Linking CXX executable cmTryCompileExec820288722]
  ignore line: [/usr/bin/cmake -E cmake_link_script CMakeFiles/cmTryCompileExec820288722.dir/link.txt --verbose=1]
  ignore line: [/usr/bin/c++        -v CMakeFiles/cmTryCompileExec820288722.dir/CMakeCXXCompilerABI.cpp.o  -o cmTryCompileExec820288722 -rdynamic  ]
  ignore line: [Using built-in specs.]
  ignore line: [COLLECT_GCC=/usr/bin/c++]
  ignore line: [COLLECT_LTO_WRAPPER=/usr/libexec/gcc/x86_64-redhat-linux/4.8.1/lto-wrapper]
  ignore line: [Target: x86_64-redhat-linux]
  ignore line: [Configured with: ../configure --prefix=/usr --mandir=/usr/share/man --infodir=/usr/share/info --with-bugurl=http://bugzilla.redhat.com/bugzilla --enable-bootstrap --enable-shared --enable-threads=posix --enable-checking=release --with-system-zlib --enable-__cxa_atexit --disable-libunwind-exceptions --enable-gnu-unique-object --enable-linker-build-id --with-linker-hash-style=gnu --enable-languages=c,c++,objc,obj-c++,java,fortran,ada,go,lto --enable-plugin --enable-initfini-array --enable-java-awt=gtk --disable-dssi --with-java-home=/usr/lib/jvm/java-1.5.0-gcj-1.5.0.0/jre --enable-libgcj-multifile --enable-java-maintainer-mode --with-ecj-jar=/usr/share/java/eclipse-ecj.jar --disable-libjava-multilib --with-isl=/builddir/build/BUILD/gcc-4.8.1-20130603/obj-x86_64-redhat-linux/isl-install --with-cloog=/builddir/build/BUILD/gcc-4.8.1-20130603/obj-x86_64-redhat-linux/cloog-install --with-tune=generic --with-arch_32=i686 --build=x86_64-redhat-linux]
  ignore line: [Thread model: posix]
  ignore line: [gcc version 4.8.1 20130603 (Red Hat 4.8.1-1) (GCC) ]
  ignore line: [COMPILER_PATH=/usr/libexec/gcc/x86_64-redhat-linux/4.8.1/:/usr/libexec/gcc/x86_64-redhat-linux/4.8.1/:/usr/libexec/gcc/x86_64-redhat-linux/:/usr/lib/gcc/x86_64-redhat-linux/4.8.1/:/usr/lib/gcc/x86_64-redhat-linux/]
  ignore line: [LIBRARY_PATH=/usr/lib/gcc/x86_64-redhat-linux/4.8.1/:/usr/lib/gcc/x86_64-redhat-linux/4.8.1/../../../../lib64/:/lib/../lib64/:/usr/lib/../lib64/:/usr/lib/gcc/x86_64-redhat-linux/4.8.1/../../../:/lib/:/usr/lib/]
  ignore line: [COLLECT_GCC_OPTIONS='-v' '-o' 'cmTryCompileExec820288722' '-rdynamic' '-shared-libgcc' '-mtune=generic' '-march=x86-64']
  link line: [ /usr/libexec/gcc/x86_64-redhat-linux/4.8.1/collect2 --build-id --no-add-needed --eh-frame-hdr --hash-style=gnu -m elf_x86_64 -export-dynamic -dynamic-linker /lib64/ld-linux-x86-64.so.2 -o cmTryCompileExec820288722 /usr/lib/gcc/x86_64-redhat-linux/4.8.1/../../../../lib64/crt1.o /usr/lib/gcc/x86_64-redhat-linux/4.8.1/../../../../lib64/crti.o /usr/lib/gcc/x86_64-redhat-linux/4.8.1/crtbegin.o -L/usr/lib/gcc/x86_64-redhat-linux/4.8.1 -L/usr/lib/gcc/x86_64-redhat-linux/4.8.1/../../../../lib64 -L/lib/../lib64 -L/usr/lib/../lib64 -L/usr/lib/gcc/x86_64-redhat-linux/4.8.1/../../.. CMakeFiles/cmTryCompileExec820288722.dir/CMakeCXXCompilerABI.cpp.o -lstdc++ -lm -lgcc_s -lgcc -lc -lgcc_s -lgcc /usr/lib/gcc/x86_64-redhat-linux/4.8.1/crtend.o /usr/lib/gcc/x86_64-redhat-linux/4.8.1/../../../../lib64/crtn.o]
    arg [/usr/libexec/gcc/x86_64-redhat-linux/4.8.1/collect2] ==> ignore
    arg [--build-id] ==> ignore
    arg [--no-add-needed] ==> ignore
    arg [--eh-frame-hdr] ==> ignore
    arg [--hash-style=gnu] ==> ignore
    arg [-m] ==> ignore
    arg [elf_x86_64] ==> ignore
    arg [-export-dynamic] ==> ignore
    arg [-dynamic-linker] ==> ignore
    arg [/lib64/ld-linux-x86-64.so.2] ==> ignore
    arg [-o] ==> ignore
    arg [cmTryCompileExec820288722] ==> ignore
    arg [/usr/lib/gcc/x86_64-redhat-linux/4.8.1/../../../../lib64/crt1.o] ==> ignore
    arg [/usr/lib/gcc/x86_64-redhat-linux/4.8.1/../../../../lib64/crti.o] ==> ignore
    arg [/usr/lib/gcc/x86_64-redhat-linux/4.8.1/crtbegin.o] ==> ignore
    arg [-L/usr/lib/gcc/x86_64-redhat-linux/4.8.1] ==> dir [/usr/lib/gcc/x86_64-redhat-linux/4.8.1]
    arg [-L/usr/lib/gcc/x86_64-redhat-linux/4.8.1/../../../../lib64] ==> dir [/usr/lib/gcc/x86_64-redhat-linux/4.8.1/../../../../lib64]
    arg [-L/lib/../lib64] ==> dir [/lib/../lib64]
    arg [-L/usr/lib/../lib64] ==> dir [/usr/lib/../lib64]
    arg [-L/usr/lib/gcc/x86_64-redhat-linux/4.8.1/../../..] ==> dir [/usr/lib/gcc/x86_64-redhat-linux/4.8.1/../../..]
    arg [CMakeFiles/cmTryCompileExec820288722.dir/CMakeCXXCompilerABI.cpp.o] ==> ignore
    arg [-lstdc++] ==> lib [stdc++]
    arg [-lm] ==> lib [m]
    arg [-lgcc_s] ==> lib [gcc_s]
    arg [-lgcc] ==> lib [gcc]
    arg [-lc] ==> lib [c]
    arg [-lgcc_s] ==> lib [gcc_s]
    arg [-lgcc] ==> lib [gcc]
    arg [/usr/lib/gcc/x86_64-redhat-linux/4.8.1/crtend.o] ==> ignore
    arg [/usr/lib/gcc/x86_64-redhat-linux/4.8.1/../../../../lib64/crtn.o] ==> ignore
  remove lib [gcc_s]
  remove lib [gcc]
  remove lib [gcc_s]
  remove lib [gcc]
  collapse library dir [/usr/lib/gcc/x86_64-redhat-linux/4.8.1] ==> [/usr/lib/gcc/x86_64-redhat-linux/4.8.1]
  collapse library dir [/usr/lib/gcc/x86_64-redhat-linux/4.8.1/../../../../lib64] ==> [/usr/lib64]
  collapse library dir [/lib/../lib64] ==> [/lib64]
  collapse library dir [/usr/lib/../lib64] ==> [/usr/lib64]
  collapse library dir [/usr/lib/gcc/x86_64-redhat-linux/4.8.1/../../..] ==> [/usr/lib]
  implicit libs: [stdc++;m;c]
  implicit dirs: [/usr/lib/gcc/x86_64-redhat-linux/4.8.1;/usr/lib64;/lib64;/usr/lib]
  implicit fwks: []


Determining if the function XOpenDisplay exists in the /usr/lib64/libX11.so;/usr/lib64/libXext.so passed with the following output:
Change Dir: /home/zekin/projects/C009-TaleOfDagon/CMakeFiles/CMakeTmp

Run Build Command:/usr/bin/gmake "cmTryCompileExec129745757/fast"
/usr/bin/gmake -f CMakeFiles/cmTryCompileExec129745757.dir/build.make CMakeFiles/cmTryCompileExec129745757.dir/build
gmake[1]: Entering directory `/home/zekin/projects/C009-TaleOfDagon/CMakeFiles/CMakeTmp'
/usr/bin/cmake -E cmake_progress_report /home/zekin/projects/C009-TaleOfDagon/CMakeFiles/CMakeTmp/CMakeFiles 1
Building C object CMakeFiles/cmTryCompileExec129745757.dir/CheckFunctionExists.c.o
/usr/bin/cc   -DCHECK_FUNCTION_EXISTS=XOpenDisplay   -o CMakeFiles/cmTryCompileExec129745757.dir/CheckFunctionExists.c.o   -c /usr/share/cmake/Modules/CheckFunctionExists.c
Linking C executable cmTryCompileExec129745757
/usr/bin/cmake -E cmake_link_script CMakeFiles/cmTryCompileExec129745757.dir/link.txt --verbose=1
/usr/bin/cc     -DCHECK_FUNCTION_EXISTS=XOpenDisplay    CMakeFiles/cmTryCompileExec129745757.dir/CheckFunctionExists.c.o  -o cmTryCompileExec129745757 -rdynamic -lX11 -lXext 
gmake[1]: Leaving directory `/home/zekin/projects/C009-TaleOfDagon/CMakeFiles/CMakeTmp'


Determining if the function gethostbyname exists passed with the following output:
Change Dir: /home/zekin/projects/C009-TaleOfDagon/CMakeFiles/CMakeTmp

Run Build Command:/usr/bin/gmake "cmTryCompileExec3989505812/fast"
/usr/bin/gmake -f CMakeFiles/cmTryCompileExec3989505812.dir/build.make CMakeFiles/cmTryCompileExec3989505812.dir/build
gmake[1]: Entering directory `/home/zekin/projects/C009-TaleOfDagon/CMakeFiles/CMakeTmp'
/usr/bin/cmake -E cmake_progress_report /home/zekin/projects/C009-TaleOfDagon/CMakeFiles/CMakeTmp/CMakeFiles 1
Building C object CMakeFiles/cmTryCompileExec3989505812.dir/CheckFunctionExists.c.o
/usr/bin/cc   -DCHECK_FUNCTION_EXISTS=gethostbyname   -o CMakeFiles/cmTryCompileExec3989505812.dir/CheckFunctionExists.c.o   -c /usr/share/cmake/Modules/CheckFunctionExists.c
Linking C executable cmTryCompileExec3989505812
/usr/bin/cmake -E cmake_link_script CMakeFiles/cmTryCompileExec3989505812.dir/link.txt --verbose=1
/usr/bin/cc     -DCHECK_FUNCTION_EXISTS=gethostbyname    CMakeFiles/cmTryCompileExec3989505812.dir/CheckFunctionExists.c.o  -o cmTryCompileExec3989505812 -rdynamic 
gmake[1]: Leaving directory `/home/zekin/projects/C009-TaleOfDagon/CMakeFiles/CMakeTmp'


Determining if the function connect exists passed with the following output:
Change Dir: /home/zekin/projects/C009-TaleOfDagon/CMakeFiles/CMakeTmp

Run Build Command:/usr/bin/gmake "cmTryCompileExec2334147006/fast"
/usr/bin/gmake -f CMakeFiles/cmTryCompileExec2334147006.dir/build.make CMakeFiles/cmTryCompileExec2334147006.dir/build
gmake[1]: Entering directory `/home/zekin/projects/C009-TaleOfDagon/CMakeFiles/CMakeTmp'
/usr/bin/cmake -E cmake_progress_report /home/zekin/projects/C009-TaleOfDagon/CMakeFiles/CMakeTmp/CMakeFiles 1
Building C object CMakeFiles/cmTryCompileExec2334147006.dir/CheckFunctionExists.c.o
/usr/bin/cc   -DCHECK_FUNCTION_EXISTS=connect   -o CMakeFiles/cmTryCompileExec2334147006.dir/CheckFunctionExists.c.o   -c /usr/share/cmake/Modules/CheckFunctionExists.c
Linking C executable cmTryCompileExec2334147006
/usr/bin/cmake -E cmake_link_script CMakeFiles/cmTryCompileExec2334147006.dir/link.txt --verbose=1
/usr/bin/cc     -DCHECK_FUNCTION_EXISTS=connect    CMakeFiles/cmTryCompileExec2334147006.dir/CheckFunctionExists.c.o  -o cmTryCompileExec2334147006 -rdynamic 
gmake[1]: Leaving directory `/home/zekin/projects/C009-TaleOfDagon/CMakeFiles/CMakeTmp'


Determining if the function remove exists passed with the following output:
Change Dir: /home/zekin/projects/C009-TaleOfDagon/CMakeFiles/CMakeTmp

Run Build Command:/usr/bin/gmake "cmTryCompileExec493246579/fast"
/usr/bin/gmake -f CMakeFiles/cmTryCompileExec493246579.dir/build.make CMakeFiles/cmTryCompileExec493246579.dir/build
gmake[1]: Entering directory `/home/zekin/projects/C009-TaleOfDagon/CMakeFiles/CMakeTmp'
/usr/bin/cmake -E cmake_progress_report /home/zekin/projects/C009-TaleOfDagon/CMakeFiles/CMakeTmp/CMakeFiles 1
Building C object CMakeFiles/cmTryCompileExec493246579.dir/CheckFunctionExists.c.o
/usr/bin/cc   -DCHECK_FUNCTION_EXISTS=remove   -o CMakeFiles/cmTryCompileExec493246579.dir/CheckFunctionExists.c.o   -c /usr/share/cmake/Modules/CheckFunctionExists.c
Linking C executable cmTryCompileExec493246579
/usr/bin/cmake -E cmake_link_script CMakeFiles/cmTryCompileExec493246579.dir/link.txt --verbose=1
/usr/bin/cc     -DCHECK_FUNCTION_EXISTS=remove    CMakeFiles/cmTryCompileExec493246579.dir/CheckFunctionExists.c.o  -o cmTryCompileExec493246579 -rdynamic 
gmake[1]: Leaving directory `/home/zekin/projects/C009-TaleOfDagon/CMakeFiles/CMakeTmp'


Determining if the function shmat exists passed with the following output:
Change Dir: /home/zekin/projects/C009-TaleOfDagon/CMakeFiles/CMakeTmp

Run Build Command:/usr/bin/gmake "cmTryCompileExec3587105657/fast"
/usr/bin/gmake -f CMakeFiles/cmTryCompileExec3587105657.dir/build.make CMakeFiles/cmTryCompileExec3587105657.dir/build
gmake[1]: Entering directory `/home/zekin/projects/C009-TaleOfDagon/CMakeFiles/CMakeTmp'
/usr/bin/cmake -E cmake_progress_report /home/zekin/projects/C009-TaleOfDagon/CMakeFiles/CMakeTmp/CMakeFiles 1
Building C object CMakeFiles/cmTryCompileExec3587105657.dir/CheckFunctionExists.c.o
/usr/bin/cc   -DCHECK_FUNCTION_EXISTS=shmat   -o CMakeFiles/cmTryCompileExec3587105657.dir/CheckFunctionExists.c.o   -c /usr/share/cmake/Modules/CheckFunctionExists.c
Linking C executable cmTryCompileExec3587105657
/usr/bin/cmake -E cmake_link_script CMakeFiles/cmTryCompileExec3587105657.dir/link.txt --verbose=1
/usr/bin/cc     -DCHECK_FUNCTION_EXISTS=shmat    CMakeFiles/cmTryCompileExec3587105657.dir/CheckFunctionExists.c.o  -o cmTryCompileExec3587105657 -rdynamic 
gmake[1]: Leaving directory `/home/zekin/projects/C009-TaleOfDagon/CMakeFiles/CMakeTmp'


Determining if files pthread.h exist passed with the following output:
Change Dir: /home/zekin/projects/C009-TaleOfDagon/CMakeFiles/CMakeTmp

Run Build Command:/usr/bin/gmake "cmTryCompileExec4171352956/fast"
/usr/bin/gmake -f CMakeFiles/cmTryCompileExec4171352956.dir/build.make CMakeFiles/cmTryCompileExec4171352956.dir/build
gmake[1]: Entering directory `/home/zekin/projects/C009-TaleOfDagon/CMakeFiles/CMakeTmp'
/usr/bin/cmake -E cmake_progress_report /home/zekin/projects/C009-TaleOfDagon/CMakeFiles/CMakeTmp/CMakeFiles 1
Building C object CMakeFiles/cmTryCompileExec4171352956.dir/CheckIncludeFiles.c.o
/usr/bin/cc    -o CMakeFiles/cmTryCompileExec4171352956.dir/CheckIncludeFiles.c.o   -c /home/zekin/projects/C009-TaleOfDagon/CMakeFiles/CMakeTmp/CheckIncludeFiles.c
Linking C executable cmTryCompileExec4171352956
/usr/bin/cmake -E cmake_link_script CMakeFiles/cmTryCompileExec4171352956.dir/link.txt --verbose=1
/usr/bin/cc         CMakeFiles/cmTryCompileExec4171352956.dir/CheckIncludeFiles.c.o  -o cmTryCompileExec4171352956 -rdynamic 
gmake[1]: Leaving directory `/home/zekin/projects/C009-TaleOfDagon/CMakeFiles/CMakeTmp'


Determining if the function pthread_create exists in the pthread passed with the following output:
Change Dir: /home/zekin/projects/C009-TaleOfDagon/CMakeFiles/CMakeTmp

Run Build Command:/usr/bin/gmake "cmTryCompileExec439142924/fast"
/usr/bin/gmake -f CMakeFiles/cmTryCompileExec439142924.dir/build.make CMakeFiles/cmTryCompileExec439142924.dir/build
gmake[1]: Entering directory `/home/zekin/projects/C009-TaleOfDagon/CMakeFiles/CMakeTmp'
/usr/bin/cmake -E cmake_progress_report /home/zekin/projects/C009-TaleOfDagon/CMakeFiles/CMakeTmp/CMakeFiles 1
Building C object CMakeFiles/cmTryCompileExec439142924.dir/CheckFunctionExists.c.o
/usr/bin/cc   -DCHECK_FUNCTION_EXISTS=pthread_create   -o CMakeFiles/cmTryCompileExec439142924.dir/CheckFunctionExists.c.o   -c /usr/share/cmake/Modules/CheckFunctionExists.c
Linking C executable cmTryCompileExec439142924
/usr/bin/cmake -E cmake_link_script CMakeFiles/cmTryCompileExec439142924.dir/link.txt --verbose=1
/usr/bin/cc     -DCHECK_FUNCTION_EXISTS=pthread_create    CMakeFiles/cmTryCompileExec439142924.dir/CheckFunctionExists.c.o  -o cmTryCompileExec439142924 -rdynamic -lpthread 
gmake[1]: Leaving directory `/home/zekin/projects/C009-TaleOfDagon/CMakeFiles/CMakeTmp'


